<?xml version="1.0" encoding="UTF-8"?>
<!-- Generated by org.testng.reporters.JUnitXMLReporter -->
<testsuite ignored="0" hostname="BLRSFLT130" failures="1" tests="3" name="Test" time="104.591" errors="0" timestamp="10 May 2024 04:56:16 GMT">
  <testcase classname="org.main.Imp" name="logins" time="28.952"/>
  <testcase classname="org.main.Imp" name="login" time="35.521"/>
  <testcase classname="org.main.Imp" name="auditSchedule" time="39.795">
    <failure type="java.lang.AssertionError" message="expected:&amp;lt;false&amp;gt; but was:&amp;lt;Making script fail&amp;gt;">
      <![CDATA[java.lang.AssertionError: expected:<false> but was:<Making script fail>
at org.junit.Assert.fail(Assert.java:88)
at org.junit.Assert.failNotEquals(Assert.java:834)
at org.junit.Assert.assertEquals(Assert.java:118)
at org.junit.Assert.assertEquals(Assert.java:144)
at org.main.Imp.auditSchedule(Imp.java:196)
... Removed 25 stack frames]]>
    </failure>
  </testcase> <!-- auditSchedule -->
</testsuite> <!-- Test -->
